<?xml version="1.0" encoding="UTF-8"?>
<!-- Generated by org.testng.reporters.JUnitXMLReporter -->
<testsuite ignored="1" hostname="aapna-lap-111" failures="0" tests="1" name="Default test" time="4.611" errors="0" timestamp="2022-03-10T16:32:26 GMT+05:30">
  <testcase classname="restAPIsAutomation.GetApiAutomate" name="getRequestAutomation1" time="4.546"/>
  <testcase classname="restAPIsAutomation.GetApiAutomate" name="getRequestAutomate" time="0.0">
    <ignored/>
  </testcase> <!-- getRequestAutomate -->
</testsuite> <!-- Default test -->
